<?xml version="1.0" encoding="UTF-8"?>
<!-- Generated by org.testng.reporters.JUnitReportReporter -->
<testsuite hostname="IBM-Testing27" name="maveen.New_Test" tests="1" failures="0" timestamp="26 Jun 2018 08:46:32 GMT" time="6.643" errors="0">
  <testcase name="f" time="6.643" classname="maveen.New_Test"/>
</testsuite> <!-- maveen.New_Test -->
